<?xml version="1.0" encoding="UTF-8"?>
<robot generator="Robot 3.1.2 (Python 3.7.4 on win32)" generated="20191016 16:12:29.160" rpa="false">
<suite id="s1" name="RaviRobotFramework" source="C:\Users\ravi\git\RobotAutomationFramework\RaviRobotFramework">
<suite id="s1-s1" name="Test" source="C:\Users\ravi\git\RobotAutomationFramework\RaviRobotFramework\Test">
<suite id="s1-s1-s1" name="TestSuite1" source="C:\Users\ravi\git\RobotAutomationFramework\RaviRobotFramework\Test\TestSuite1.robot">
<kw name="Log" library="BuiltIn" type="setup">
<doc>Logs the given message with the given level.</doc>
<arguments>
<arg>I am from test Suite Setup</arg>
</arguments>
<msg timestamp="20191016 16:12:29.511" level="INFO">I am from test Suite Setup</msg>
<status status="PASS" starttime="20191016 16:12:29.510" endtime="20191016 16:12:29.511"></status>
</kw>
<test id="s1-s1-s1-t1" name="FirstSeleniumTestCase">
<kw name="Log" library="BuiltIn" type="setup">
<doc>Logs the given message with the given level.</doc>
<arguments>
<arg>I am from test case setup</arg>
</arguments>
<msg timestamp="20191016 16:12:29.512" level="INFO">I am from test case setup</msg>
<status status="PASS" starttime="20191016 16:12:29.512" endtime="20191016 16:12:29.512"></status>
</kw>
<kw name="Log" library="BuiltIn">
<doc>Logs the given message with the given level.</doc>
<arguments>
<arg>Hi</arg>
</arguments>
<msg timestamp="20191016 16:12:29.513" level="INFO">Hi</msg>
<status status="PASS" starttime="20191016 16:12:29.513" endtime="20191016 16:12:29.513"></status>
</kw>
<kw name="Open Browser" library="SeleniumLibrary">
<doc>Opens a new browser instance to the given ``url``.</doc>
<arguments>
<arg>${URL}</arg>
<arg>chrome</arg>
</arguments>
<msg timestamp="20191016 16:12:29.514" level="INFO">Opening browser 'chrome' to base url 'https://www.one-key.gov.on.ca/iaalogin/IAALogin.jsp'.</msg>
<status status="PASS" starttime="20191016 16:12:29.514" endtime="20191016 16:12:36.569"></status>
</kw>
<kw name="LogintoPortal" library="keywords">
<kw name="Input Text" library="SeleniumLibrary">
<doc>Types the given ``text`` into the text field identified by ``locator``.</doc>
<arguments>
<arg>name = ldap_user</arg>
<arg>${Username}</arg>
</arguments>
<msg timestamp="20191016 16:12:36.572" level="INFO">Typing text 'pvt_client3' into text field 'name = ldap_user'.</msg>
<status status="PASS" starttime="20191016 16:12:36.571" endtime="20191016 16:12:36.760"></status>
</kw>
<kw name="Input Password" library="SeleniumLibrary">
<doc>Types the given password into the text field identified by ``locator``.</doc>
<arguments>
<arg>name = ldap_password</arg>
<arg>${Password}</arg>
</arguments>
<msg timestamp="20191016 16:12:36.761" level="INFO">Typing password into text field 'name = ldap_password'.</msg>
<status status="PASS" starttime="20191016 16:12:36.760" endtime="20191016 16:12:36.926"></status>
</kw>
<kw name="Click Button" library="SeleniumLibrary">
<doc>Clicks the button identified by ``locator``.</doc>
<arguments>
<arg>name = Login</arg>
</arguments>
<msg timestamp="20191016 16:12:36.928" level="INFO">Clicking button 'name = Login'.</msg>
<status status="PASS" starttime="20191016 16:12:36.927" endtime="20191016 16:12:38.912"></status>
</kw>
<status status="PASS" starttime="20191016 16:12:36.570" endtime="20191016 16:12:38.913"></status>
</kw>
<kw name="LandonCAMS" library="keywords">
<kw name="Click Element" library="SeleniumLibrary">
<doc>Click the element identified by ``locator``.</doc>
<arguments>
<arg>link=ServiceOntario Account</arg>
</arguments>
<msg timestamp="20191016 16:12:38.916" level="INFO">Clicking element 'link=ServiceOntario Account'.</msg>
<status status="PASS" starttime="20191016 16:12:38.915" endtime="20191016 16:12:45.671"></status>
</kw>
<kw name="Click Element" library="SeleniumLibrary">
<doc>Click the element identified by ``locator``.</doc>
<arguments>
<arg>link=Environmental Permissions</arg>
</arguments>
<msg timestamp="20191016 16:12:45.673" level="INFO">Clicking element 'link=Environmental Permissions'.</msg>
<status status="PASS" starttime="20191016 16:12:45.672" endtime="20191016 16:12:48.644"></status>
</kw>
<kw name="Maximize Browser Window" library="SeleniumLibrary">
<doc>Maximizes current browser window.</doc>
<status status="PASS" starttime="20191016 16:12:48.645" endtime="20191016 16:12:52.769"></status>
</kw>
<kw name="Click Button" library="SeleniumLibrary">
<doc>Clicks the button identified by ``locator``.</doc>
<arguments>
<arg>xpath = //button[@class='btn primary pull-right']</arg>
</arguments>
<msg timestamp="20191016 16:12:52.771" level="INFO">Clicking button 'xpath = //button[@class='btn primary pull-right']'.</msg>
<status status="PASS" starttime="20191016 16:12:52.770" endtime="20191016 16:12:52.969"></status>
</kw>
<kw name="Sleep" library="BuiltIn">
<doc>Pauses the test executed for the given time.</doc>
<arguments>
<arg>15</arg>
</arguments>
<msg timestamp="20191016 16:13:07.972" level="INFO">Slept 15 seconds</msg>
<status status="PASS" starttime="20191016 16:12:52.970" endtime="20191016 16:13:07.974"></status>
</kw>
<kw name="Switch Window" library="SeleniumLibrary">
<doc>Switches to browser window matching ``locator``.</doc>
<arguments>
<arg>new</arg>
</arguments>
<status status="PASS" starttime="20191016 16:13:07.975" endtime="20191016 16:13:08.011"></status>
</kw>
<kw name="Click Element" library="SeleniumLibrary">
<doc>Click the element identified by ``locator``.</doc>
<arguments>
<arg>xpath = //a[@id="My Services"]/span[@class="menulink"]</arg>
</arguments>
<msg timestamp="20191016 16:13:08.012" level="INFO">Clicking element 'xpath = //a[@id="My Services"]/span[@class="menulink"]'.</msg>
<status status="PASS" starttime="20191016 16:13:08.012" endtime="20191016 16:13:21.576"></status>
</kw>
<status status="PASS" starttime="20191016 16:12:38.914" endtime="20191016 16:13:21.576"></status>
</kw>
<kw name="Click Element" library="SeleniumLibrary">
<doc>Click the element identified by ``locator``.</doc>
<arguments>
<arg>xpath=//*[@id="startServicesLinkId"]</arg>
</arguments>
<msg timestamp="20191016 16:13:21.577" level="INFO">Clicking element 'xpath=//*[@id="startServicesLinkId"]'.</msg>
<status status="PASS" starttime="20191016 16:13:21.576" endtime="20191016 16:13:22.943"></status>
</kw>
<kw name="Click Element" library="SeleniumLibrary">
<doc>Click the element identified by ``locator``.</doc>
<arguments>
<arg>xpath=//*[@id="startServices"]/div[1]/div/div[2]/div[2]/div/a</arg>
</arguments>
<msg timestamp="20191016 16:13:22.944" level="INFO">Clicking element 'xpath=//*[@id="startServices"]/div[1]/div/div[2]/div[2]/div/a'.</msg>
<status status="PASS" starttime="20191016 16:13:22.943" endtime="20191016 16:13:25.983"></status>
</kw>
<kw name="Select Checkbox" library="SeleniumLibrary">
<doc>Selects the checkbox identified by ``locator``.</doc>
<arguments>
<arg>xpath=//*[@id="maincontent"]/selectactivity/div/div/div/div/div/div/fieldset/div/div[2]/div/label/span/span[3]/span</arg>
</arguments>
<msg timestamp="20191016 16:13:25.985" level="INFO">Selecting checkbox 'xpath=//*[@id="maincontent"]/selectactivity/div/div/div/div/div/div/fieldset/div/div[2]/div/label/span/span[3]/span'.</msg>
<kw name="Capture Page Screenshot" library="SeleniumLibrary">
<doc>Takes a screenshot of the current page and embeds it into a log file.</doc>
<msg timestamp="20191016 16:13:26.539" level="INFO" html="yes">&lt;/td&gt;&lt;/tr&gt;&lt;tr&gt;&lt;td colspan="3"&gt;&lt;a href="selenium-screenshot-24.png"&gt;&lt;img src="selenium-screenshot-24.png" width="800px"&gt;&lt;/a&gt;</msg>
<status status="PASS" starttime="20191016 16:13:26.001" endtime="20191016 16:13:26.539"></status>
</kw>
<msg timestamp="20191016 16:13:26.543" level="FAIL">Checkbox with locator 'xpath=//*[@id="maincontent"]/selectactivity/div/div/div/div/div/div/fieldset/div/div[2]/div/label/span/span[3]/span' not found.</msg>
<status status="FAIL" starttime="20191016 16:13:25.984" endtime="20191016 16:13:26.543"></status>
</kw>
<kw name="Log" library="BuiltIn" type="teardown">
<doc>Logs the given message with the given level.</doc>
<arguments>
<arg>I am from test case Teardown</arg>
</arguments>
<msg timestamp="20191016 16:13:26.544" level="INFO">I am from test case Teardown</msg>
<status status="PASS" starttime="20191016 16:13:26.544" endtime="20191016 16:13:26.544"></status>
</kw>
<tags>
<tag>Sanity</tag>
</tags>
<status status="FAIL" starttime="20191016 16:12:29.511" endtime="20191016 16:13:26.545" critical="yes">Checkbox with locator 'xpath=//*[@id="maincontent"]/selectactivity/div/div/div/div/div/div/fieldset/div/div[2]/div/label/span/span[3]/span' not found.</status>
</test>
<kw name="Log" library="BuiltIn" type="teardown">
<doc>Logs the given message with the given level.</doc>
<arguments>
<arg>I am from test Suite Teatdown</arg>
</arguments>
<msg timestamp="20191016 16:13:26.546" level="INFO">I am from test Suite Teatdown</msg>
<status status="PASS" starttime="20191016 16:13:26.546" endtime="20191016 16:13:26.547"></status>
</kw>
<status status="FAIL" starttime="20191016 16:12:29.247" endtime="20191016 16:13:26.547"></status>
</suite>
<status status="FAIL" starttime="20191016 16:12:29.243" endtime="20191016 16:13:26.550"></status>
</suite>
<status status="FAIL" starttime="20191016 16:12:29.210" endtime="20191016 16:13:26.554"></status>
</suite>
<statistics>
<total>
<stat pass="0" fail="1">Critical Tests</stat>
<stat pass="0" fail="1">All Tests</stat>
</total>
<tag>
<stat pass="0" fail="1">Sanity</stat>
</tag>
<suite>
<stat pass="0" fail="1" id="s1" name="RaviRobotFramework">RaviRobotFramework</stat>
<stat pass="0" fail="1" id="s1-s1" name="Test">RaviRobotFramework.Test</stat>
<stat pass="0" fail="1" id="s1-s1-s1" name="TestSuite1">RaviRobotFramework.Test.TestSuite1</stat>
</suite>
</statistics>
<errors>
</errors>
</robot>
