<?xml version="1.0" encoding="UTF-8"?>
<robot generator="Robot 3.1.2 (Python 3.7.4 on win32)" generated="20191014 21:33:12.323" rpa="false">
<suite id="s1" name="RaviRobotFramework" source="C:\Users\ravi\eclipse-workspace\RaviRobotFramework">
<suite id="s1-s1" name="Test" source="C:\Users\ravi\eclipse-workspace\RaviRobotFramework\Test">
<suite id="s1-s1-s1" name="TestSuite1" source="C:\Users\ravi\eclipse-workspace\RaviRobotFramework\Test\TestSuite1.robot">
<kw name="Log" library="BuiltIn" type="setup">
<doc>Logs the given message with the given level.</doc>
<arguments>
<arg>I am from test Suite Setup</arg>
</arguments>
<msg timestamp="20191014 21:33:12.734" level="INFO">I am from test Suite Setup</msg>
<status status="PASS" starttime="20191014 21:33:12.734" endtime="20191014 21:33:12.734"></status>
</kw>
<test id="s1-s1-s1-t1" name="MyFristTestCase">
<kw name="Log" library="BuiltIn" type="setup">
<doc>Logs the given message with the given level.</doc>
<arguments>
<arg>I am from test case setup</arg>
</arguments>
<msg timestamp="20191014 21:33:12.736" level="INFO">I am from test case setup</msg>
<status status="PASS" starttime="20191014 21:33:12.736" endtime="20191014 21:33:12.737"></status>
</kw>
<kw name="Log" library="BuiltIn">
<doc>Logs the given message with the given level.</doc>
<arguments>
<arg>Hello World...</arg>
</arguments>
<msg timestamp="20191014 21:33:12.737" level="INFO">Hello World...</msg>
<status status="PASS" starttime="20191014 21:33:12.737" endtime="20191014 21:33:12.738"></status>
</kw>
<kw name="Log" library="BuiltIn" type="teardown">
<doc>Logs the given message with the given level.</doc>
<arguments>
<arg>I am from test case Teardown</arg>
</arguments>
<msg timestamp="20191014 21:33:12.740" level="INFO">I am from test case Teardown</msg>
<status status="PASS" starttime="20191014 21:33:12.739" endtime="20191014 21:33:12.740"></status>
</kw>
<tags>
<tag>Smoke</tag>
</tags>
<status status="PASS" starttime="20191014 21:33:12.735" endtime="20191014 21:33:12.740" critical="yes"></status>
</test>
<test id="s1-s1-s1-t2" name="FirstSeleniumTestCase">
<kw name="Log" library="BuiltIn" type="setup">
<doc>Logs the given message with the given level.</doc>
<arguments>
<arg>I am from test case setup</arg>
</arguments>
<msg timestamp="20191014 21:33:12.744" level="INFO">I am from test case setup</msg>
<status status="PASS" starttime="20191014 21:33:12.743" endtime="20191014 21:33:12.744"></status>
</kw>
<kw name="Log" library="BuiltIn">
<doc>Logs the given message with the given level.</doc>
<arguments>
<arg>Hi</arg>
</arguments>
<msg timestamp="20191014 21:33:12.745" level="INFO">Hi</msg>
<status status="PASS" starttime="20191014 21:33:12.744" endtime="20191014 21:33:12.745"></status>
</kw>
<kw name="Open Browser" library="SeleniumLibrary">
<doc>Opens a new browser instance to the given ``url``.</doc>
<arguments>
<arg>${URL}</arg>
<arg>chrome</arg>
</arguments>
<msg timestamp="20191014 21:33:12.747" level="INFO">Opening browser 'chrome' to base url 'https://www.one-key.gov.on.ca/iaalogin/IAALogin.jsp'.</msg>
<status status="PASS" starttime="20191014 21:33:12.746" endtime="20191014 21:33:19.609"></status>
</kw>
<kw name="LoginKW">
<kw name="Input Text" library="SeleniumLibrary">
<doc>Types the given ``text`` into the text field identified by ``locator``.</doc>
<arguments>
<arg>name = ldap_user</arg>
<arg>@{Credentials}[0]</arg>
</arguments>
<msg timestamp="20191014 21:33:19.612" level="INFO">Typing text 'pvt_client3' into text field 'name = ldap_user'.</msg>
<status status="PASS" starttime="20191014 21:33:19.611" endtime="20191014 21:33:19.762"></status>
</kw>
<kw name="Input Password" library="SeleniumLibrary">
<doc>Types the given password into the text field identified by ``locator``.</doc>
<arguments>
<arg>name = ldap_password</arg>
<arg>@{Credentials}[1]</arg>
</arguments>
<msg timestamp="20191014 21:33:19.764" level="INFO">Typing password into text field 'name = ldap_password'.</msg>
<status status="PASS" starttime="20191014 21:33:19.763" endtime="20191014 21:33:19.891"></status>
</kw>
<kw name="Click Button" library="SeleniumLibrary">
<doc>Clicks the button identified by ``locator``.</doc>
<arguments>
<arg>name = Login</arg>
</arguments>
<msg timestamp="20191014 21:33:19.893" level="INFO">Clicking button 'name = Login'.</msg>
<status status="PASS" starttime="20191014 21:33:19.892" endtime="20191014 21:33:22.147"></status>
</kw>
<status status="PASS" starttime="20191014 21:33:19.610" endtime="20191014 21:33:22.148"></status>
</kw>
<kw name="Click Element" library="SeleniumLibrary">
<doc>Click the element identified by ``locator``.</doc>
<arguments>
<arg>link=ServiceOntario Account</arg>
</arguments>
<msg timestamp="20191014 21:33:22.149" level="INFO">Clicking element 'link=ServiceOntario Account'.</msg>
<status status="PASS" starttime="20191014 21:33:22.148" endtime="20191014 21:33:31.589"></status>
</kw>
<kw name="Click Element" library="SeleniumLibrary">
<doc>Click the element identified by ``locator``.</doc>
<arguments>
<arg>link=Environmental Permissions</arg>
</arguments>
<msg timestamp="20191014 21:33:31.590" level="INFO">Clicking element 'link=Environmental Permissions'.</msg>
<status status="PASS" starttime="20191014 21:33:31.589" endtime="20191014 21:33:35.265"></status>
</kw>
<kw name="Maximize Browser Window" library="SeleniumLibrary">
<doc>Maximizes current browser window.</doc>
<status status="PASS" starttime="20191014 21:33:35.265" endtime="20191014 21:33:39.402"></status>
</kw>
<kw name="Click Button" library="SeleniumLibrary">
<doc>Clicks the button identified by ``locator``.</doc>
<arguments>
<arg>xpath = //button[@class='btn primary pull-right']</arg>
</arguments>
<msg timestamp="20191014 21:33:39.403" level="INFO">Clicking button 'xpath = //button[@class='btn primary pull-right']'.</msg>
<status status="PASS" starttime="20191014 21:33:39.402" endtime="20191014 21:33:39.557"></status>
</kw>
<kw name="Sleep" library="BuiltIn">
<doc>Pauses the test executed for the given time.</doc>
<arguments>
<arg>15</arg>
</arguments>
<msg timestamp="20191014 21:33:54.561" level="INFO">Slept 15 seconds</msg>
<status status="PASS" starttime="20191014 21:33:39.559" endtime="20191014 21:33:54.562"></status>
</kw>
<kw name="Switch Window" library="SeleniumLibrary">
<doc>Switches to browser window matching ``locator``.</doc>
<arguments>
<arg>new</arg>
</arguments>
<status status="PASS" starttime="20191014 21:33:54.563" endtime="20191014 21:33:54.628"></status>
</kw>
<kw name="Click Element" library="SeleniumLibrary">
<doc>Click the element identified by ``locator``.</doc>
<arguments>
<arg>xpath = //a[@id="My Services"]/span[@class="menulink"]</arg>
</arguments>
<msg timestamp="20191014 21:33:54.631" level="INFO">Clicking element 'xpath = //a[@id="My Services"]/span[@class="menulink"]'.</msg>
<status status="PASS" starttime="20191014 21:33:54.629" endtime="20191014 21:34:08.094"></status>
</kw>
<kw name="Close All Browsers" library="SeleniumLibrary">
<doc>Closes all open browsers and resets the browser cache.</doc>
<status status="PASS" starttime="20191014 21:34:08.095" endtime="20191014 21:34:10.415"></status>
</kw>
<kw name="Log" library="BuiltIn">
<doc>Logs the given message with the given level.</doc>
<arguments>
<arg>test successfully completed by %{username} on %{os}</arg>
</arguments>
<msg timestamp="20191014 21:34:10.420" level="INFO">test successfully completed by ravi on Windows_NT</msg>
<status status="PASS" starttime="20191014 21:34:10.417" endtime="20191014 21:34:10.423"></status>
</kw>
<kw name="Log" library="BuiltIn" type="teardown">
<doc>Logs the given message with the given level.</doc>
<arguments>
<arg>I am from test case Teardown</arg>
</arguments>
<msg timestamp="20191014 21:34:10.429" level="INFO">I am from test case Teardown</msg>
<status status="PASS" starttime="20191014 21:34:10.426" endtime="20191014 21:34:10.430"></status>
</kw>
<tags>
<tag>Sanity</tag>
</tags>
<status status="PASS" starttime="20191014 21:33:12.742" endtime="20191014 21:34:10.431" critical="yes"></status>
</test>
<test id="s1-s1-s1-t3" name="SecondSeleniumTestCase">
<kw name="Log" library="BuiltIn" type="setup">
<doc>Logs the given message with the given level.</doc>
<arguments>
<arg>I am from test case setup</arg>
</arguments>
<msg timestamp="20191014 21:34:10.444" level="INFO">I am from test case setup</msg>
<status status="PASS" starttime="20191014 21:34:10.441" endtime="20191014 21:34:10.446"></status>
</kw>
<kw name="Log" library="BuiltIn">
<doc>Logs the given message with the given level.</doc>
<arguments>
<arg>HI from secondtestcase</arg>
</arguments>
<msg timestamp="20191014 21:34:10.450" level="INFO">HI from secondtestcase</msg>
<status status="PASS" starttime="20191014 21:34:10.448" endtime="20191014 21:34:10.451"></status>
</kw>
<kw name="Log" library="BuiltIn" type="teardown">
<doc>Logs the given message with the given level.</doc>
<arguments>
<arg>I am from test case Teardown</arg>
</arguments>
<msg timestamp="20191014 21:34:10.457" level="INFO">I am from test case Teardown</msg>
<status status="PASS" starttime="20191014 21:34:10.454" endtime="20191014 21:34:10.457"></status>
</kw>
<tags>
<tag>Sanity</tag>
</tags>
<status status="PASS" starttime="20191014 21:34:10.436" endtime="20191014 21:34:10.457" critical="yes"></status>
</test>
<test id="s1-s1-s1-t4" name="thirdSeleniumTestCase">
<kw name="Log" library="BuiltIn" type="setup">
<doc>Logs the given message with the given level.</doc>
<arguments>
<arg>I am from test case setup</arg>
</arguments>
<msg timestamp="20191014 21:34:10.461" level="INFO">I am from test case setup</msg>
<status status="PASS" starttime="20191014 21:34:10.460" endtime="20191014 21:34:10.461"></status>
</kw>
<kw name="Log" library="BuiltIn">
<doc>Logs the given message with the given level.</doc>
<arguments>
<arg>HI from thirdtestcase</arg>
</arguments>
<msg timestamp="20191014 21:34:10.462" level="INFO">HI from thirdtestcase</msg>
<status status="PASS" starttime="20191014 21:34:10.462" endtime="20191014 21:34:10.463"></status>
</kw>
<kw name="Log" library="BuiltIn" type="teardown">
<doc>Logs the given message with the given level.</doc>
<arguments>
<arg>I am from test case Teardown</arg>
</arguments>
<msg timestamp="20191014 21:34:10.464" level="INFO">I am from test case Teardown</msg>
<status status="PASS" starttime="20191014 21:34:10.463" endtime="20191014 21:34:10.464"></status>
</kw>
<tags>
<tag>Sanity</tag>
</tags>
<status status="PASS" starttime="20191014 21:34:10.459" endtime="20191014 21:34:10.465" critical="yes"></status>
</test>
<test id="s1-s1-s1-t5" name="fourthSeleniumTestCase">
<kw name="Log" library="BuiltIn" type="setup">
<doc>Logs the given message with the given level.</doc>
<arguments>
<arg>I am from test case setup</arg>
</arguments>
<msg timestamp="20191014 21:34:10.468" level="INFO">I am from test case setup</msg>
<status status="PASS" starttime="20191014 21:34:10.468" endtime="20191014 21:34:10.469"></status>
</kw>
<kw name="Log" library="BuiltIn">
<doc>Logs the given message with the given level.</doc>
<arguments>
<arg>Hi from fourthtestcase</arg>
</arguments>
<msg timestamp="20191014 21:34:10.470" level="INFO">Hi from fourthtestcase</msg>
<status status="PASS" starttime="20191014 21:34:10.469" endtime="20191014 21:34:10.470"></status>
</kw>
<kw name="Log" library="BuiltIn" type="teardown">
<doc>Logs the given message with the given level.</doc>
<arguments>
<arg>I am from test case Teardown</arg>
</arguments>
<msg timestamp="20191014 21:34:10.472" level="INFO">I am from test case Teardown</msg>
<status status="PASS" starttime="20191014 21:34:10.471" endtime="20191014 21:34:10.472"></status>
</kw>
<tags>
<tag>Sanity</tag>
</tags>
<status status="PASS" starttime="20191014 21:34:10.466" endtime="20191014 21:34:10.472" critical="yes"></status>
</test>
<kw name="Log" library="BuiltIn" type="teardown">
<doc>Logs the given message with the given level.</doc>
<arguments>
<arg>I am from test Suite Teatdown</arg>
</arguments>
<msg timestamp="20191014 21:34:10.476" level="INFO">I am from test Suite Teatdown</msg>
<status status="PASS" starttime="20191014 21:34:10.475" endtime="20191014 21:34:10.476"></status>
</kw>
<status status="PASS" starttime="20191014 21:33:12.418" endtime="20191014 21:34:10.477"></status>
</suite>
<status status="PASS" starttime="20191014 21:33:12.415" endtime="20191014 21:34:10.482"></status>
</suite>
<status status="PASS" starttime="20191014 21:33:12.377" endtime="20191014 21:34:10.487"></status>
</suite>
<statistics>
<total>
<stat pass="5" fail="0">Critical Tests</stat>
<stat pass="5" fail="0">All Tests</stat>
</total>
<tag>
<stat pass="4" fail="0">Sanity</stat>
<stat pass="1" fail="0">Smoke</stat>
</tag>
<suite>
<stat pass="5" fail="0" id="s1" name="RaviRobotFramework">RaviRobotFramework</stat>
<stat pass="5" fail="0" id="s1-s1" name="Test">RaviRobotFramework.Test</stat>
<stat pass="5" fail="0" id="s1-s1-s1" name="TestSuite1">RaviRobotFramework.Test.TestSuite1</stat>
</suite>
</statistics>
<errors>
</errors>
</robot>
